<?xml version="1.0" encoding="UTF-8"?>
<testsuite xmlns:xsi="http://www.w3.org/2001/XMLSchema-instance" xsi:noNamespaceSchemaLocation="https://maven.apache.org/surefire/maven-surefire-plugin/xsd/surefire-test-report.xsd" name="tasks.functional.TasksTest" time="0.695" tests="4" errors="4" skipped="0" failures="0">
  <properties>
[...]
</properties>
  <testcase name="SalvarTarefa" classname="tasks.functional.TasksTest" time="0.695">
    <error message="Unable to parse remote response: &lt;!DOCTYPE html&gt;&#10;&lt;html lang=&quot;en&quot;&gt;&#10;&lt;head&gt;&#10;  &lt;meta charset=&quot;UTF-8&quot;&gt;&#10;  &lt;link rel=&quot;stylesheet&quot; type=&quot;text/css&quot; href=&quot;/assets/displayhelpservlet.css&quot; media=&quot;all&quot;/&gt;&#10;  &lt;link href=&quot;/assets/favicon.ico&quot; rel=&quot;icon&quot; type=&quot;image/x-icon&quot; /&gt;&#10;  &lt;script src=&quot;/assets/jquery-3.1.1.min.js&quot; type=&quot;text/javascript&quot;&gt;&lt;/script&gt;&#10;  &lt;script src=&quot;/assets/displayhelpservlet.js&quot; type=&quot;text/javascript&quot;&gt;&lt;/script&gt;&#10;  &lt;script type=&quot;text/javascript&quot;&gt;&#10;    var json = Object.freeze(&apos;{&quot;consoleLink&quot;: &quot;\u002fgrid\u002fconsole&quot;,&quot;type&quot;: &quot;Grid Hub&quot;,&quot;class&quot;: &quot;org.openqa.grid.web.servlet.DisplayHelpHandler$DisplayHelpServletConfig&quot;,&quot;version&quot;: &quot;3.141.59&quot;}&apos;);&#10;  &lt;/script&gt;&#10;&lt;/head&gt;&#10;&lt;body&gt;&#10;&#10;&lt;div id=&quot;content&quot;&gt;&#10;  &lt;div id=&quot;help-heading&quot;&gt;&#10;    &lt;h1&gt;&lt;span id=&quot;logo&quot;&gt;&lt;/span&gt;&lt;/h1&gt;&#10;    &lt;h2&gt;Selenium &lt;span class=&quot;se-type&quot;&gt;&lt;/span&gt;&amp;nbsp;v.&lt;span class=&quot;se-version&quot;&gt;&lt;/span&gt;&lt;/h2&gt;&#10;  &lt;/div&gt;&#10;&#10;  &lt;div id=&quot;content-body&quot;&gt;&#10;    &lt;p&gt;&#10;      Whoops! The URL specified routes to this help page.&#10;    &lt;/p&gt;&#10;    &lt;p&gt;&#10;      For more information about Selenium &lt;span class=&quot;se-type&quot;&gt;&lt;/span&gt; please see the&#10;      &lt;a class=&quot;se-docs&quot;&gt;docs&lt;/a&gt; and/or visit the &lt;a class=&quot;se-wiki&quot;&gt;wiki&lt;/a&gt;.&#10;      &lt;span id=&quot;console-item&quot;&gt;&#10;        Or perhaps you are looking for the Selenium &lt;span class=&quot;se-type&quot;&gt;&lt;/span&gt; &lt;a class=&quot;se-console&quot;&gt;console&lt;/a&gt;.&#10;      &lt;/span&gt;&#10;    &lt;/p&gt;&#10;    &lt;p&gt;&#10;      Happy Testing!&#10;    &lt;/p&gt;&#10;  &lt;/div&gt;&#10;&#10;  &lt;div&gt;&#10;    &lt;footer id=&quot;help-footer&quot;&gt;&#10;      Selenium is made possible through the efforts of our open source community, contributions from&#10;      these &lt;a href=&quot;https://github.com/SeleniumHQ/selenium/blob/master/AUTHORS&quot;&gt;people&lt;/a&gt;, and our&#10;      &lt;a href=&quot;http://www.seleniumhq.org/sponsors/&quot;&gt;sponsors&lt;/a&gt;.&#10;   &lt;/footer&gt;&#10;  &lt;/div&gt;&#10; &lt;/div&gt;&#10;&#10;&lt;/body&gt;&#10;&lt;/html&gt;" type="org.openqa.selenium.WebDriverException"><![CDATA[org.openqa.selenium.WebDriverException: 
Unable to parse remote response: <!DOCTYPE html>
<html lang="en">
<head>
  <meta charset="UTF-8">
  <link rel="stylesheet" type="text/css" href="/assets/displayhelpservlet.css" media="all"/>
  <link href="/assets/favicon.ico" rel="icon" type="image/x-icon" />
  <script src="/assets/jquery-3.1.1.min.js" type="text/javascript"></script>
  <script src="/assets/displayhelpservlet.js" type="text/javascript"></script>
  <script type="text/javascript">
    var json = Object.freeze('{"consoleLink": "\u002fgrid\u002fconsole","type": "Grid Hub","class": "org.openqa.grid.web.servlet.DisplayHelpHandler$DisplayHelpServletConfig","version": "3.141.59"}');
  </script>
</head>
<body>

<div id="content">
  <div id="help-heading">
    <h1><span id="logo"></span></h1>
    <h2>Selenium <span class="se-type"></span>&nbsp;v.<span class="se-version"></span></h2>
  </div>

  <div id="content-body">
    <p>
      Whoops! The URL specified routes to this help page.
    </p>
    <p>
      For more information about Selenium <span class="se-type"></span> please see the
      <a class="se-docs">docs</a> and/or visit the <a class="se-wiki">wiki</a>.
      <span id="console-item">
        Or perhaps you are looking for the Selenium <span class="se-type"></span> <a class="se-console">console</a>.
      </span>
    </p>
    <p>
      Happy Testing!
    </p>
  </div>

  <div>
    <footer id="help-footer">
      Selenium is made possible through the efforts of our open source community, contributions from
      these <a href="https://github.com/SeleniumHQ/selenium/blob/master/AUTHORS">people</a>, and our
      <a href="http://www.seleniumhq.org/sponsors/">sponsors</a>.
   </footer>
  </div>
 </div>

</body>
</html>
	at tasks.functional.TasksTest.AcessarApp(TasksTest.java:20)
	at tasks.functional.TasksTest.SalvarTarefa(TasksTest.java:28)
Caused by: org.openqa.selenium.json.JsonException: 
Unable to determine type from: <. Last 1 characters read: <
Build info: version: '3.141.59', revision: 'e82be7d358', time: '2018-11-14T08:17:03'
System info: host: 'DESKTOP-E4K4UQN', ip: '192.168.2.116', os.name: 'Windows 10', os.arch: 'amd64', os.version: '10.0', java.version: '1.8.0_333'
Driver info: driver.version: RemoteWebDriver
	at tasks.functional.TasksTest.AcessarApp(TasksTest.java:20)
	at tasks.functional.TasksTest.SalvarTarefa(TasksTest.java:28)
]]></error>
    <system-err><![CDATA[dez 29, 2022 11:26:02 AM org.openqa.selenium.remote.DesiredCapabilities chrome
INFORMAÇÕES: Using `new ChromeOptions()` is preferred to `DesiredCapabilities.chrome()`
]]></system-err>
  </testcase>
  <testcase name="SemTask" classname="tasks.functional.TasksTest" time="0.695">
    <error message="Unable to parse remote response: &lt;!DOCTYPE html&gt;&#10;&lt;html lang=&quot;en&quot;&gt;&#10;&lt;head&gt;&#10;  &lt;meta charset=&quot;UTF-8&quot;&gt;&#10;  &lt;link rel=&quot;stylesheet&quot; type=&quot;text/css&quot; href=&quot;/assets/displayhelpservlet.css&quot; media=&quot;all&quot;/&gt;&#10;  &lt;link href=&quot;/assets/favicon.ico&quot; rel=&quot;icon&quot; type=&quot;image/x-icon&quot; /&gt;&#10;  &lt;script src=&quot;/assets/jquery-3.1.1.min.js&quot; type=&quot;text/javascript&quot;&gt;&lt;/script&gt;&#10;  &lt;script src=&quot;/assets/displayhelpservlet.js&quot; type=&quot;text/javascript&quot;&gt;&lt;/script&gt;&#10;  &lt;script type=&quot;text/javascript&quot;&gt;&#10;    var json = Object.freeze(&apos;{&quot;consoleLink&quot;: &quot;\u002fgrid\u002fconsole&quot;,&quot;type&quot;: &quot;Grid Hub&quot;,&quot;class&quot;: &quot;org.openqa.grid.web.servlet.DisplayHelpHandler$DisplayHelpServletConfig&quot;,&quot;version&quot;: &quot;3.141.59&quot;}&apos;);&#10;  &lt;/script&gt;&#10;&lt;/head&gt;&#10;&lt;body&gt;&#10;&#10;&lt;div id=&quot;content&quot;&gt;&#10;  &lt;div id=&quot;help-heading&quot;&gt;&#10;    &lt;h1&gt;&lt;span id=&quot;logo&quot;&gt;&lt;/span&gt;&lt;/h1&gt;&#10;    &lt;h2&gt;Selenium &lt;span class=&quot;se-type&quot;&gt;&lt;/span&gt;&amp;nbsp;v.&lt;span class=&quot;se-version&quot;&gt;&lt;/span&gt;&lt;/h2&gt;&#10;  &lt;/div&gt;&#10;&#10;  &lt;div id=&quot;content-body&quot;&gt;&#10;    &lt;p&gt;&#10;      Whoops! The URL specified routes to this help page.&#10;    &lt;/p&gt;&#10;    &lt;p&gt;&#10;      For more information about Selenium &lt;span class=&quot;se-type&quot;&gt;&lt;/span&gt; please see the&#10;      &lt;a class=&quot;se-docs&quot;&gt;docs&lt;/a&gt; and/or visit the &lt;a class=&quot;se-wiki&quot;&gt;wiki&lt;/a&gt;.&#10;      &lt;span id=&quot;console-item&quot;&gt;&#10;        Or perhaps you are looking for the Selenium &lt;span class=&quot;se-type&quot;&gt;&lt;/span&gt; &lt;a class=&quot;se-console&quot;&gt;console&lt;/a&gt;.&#10;      &lt;/span&gt;&#10;    &lt;/p&gt;&#10;    &lt;p&gt;&#10;      Happy Testing!&#10;    &lt;/p&gt;&#10;  &lt;/div&gt;&#10;&#10;  &lt;div&gt;&#10;    &lt;footer id=&quot;help-footer&quot;&gt;&#10;      Selenium is made possible through the efforts of our open source community, contributions from&#10;      these &lt;a href=&quot;https://github.com/SeleniumHQ/selenium/blob/master/AUTHORS&quot;&gt;people&lt;/a&gt;, and our&#10;      &lt;a href=&quot;http://www.seleniumhq.org/sponsors/&quot;&gt;sponsors&lt;/a&gt;.&#10;   &lt;/footer&gt;&#10;  &lt;/div&gt;&#10; &lt;/div&gt;&#10;&#10;&lt;/body&gt;&#10;&lt;/html&gt;" type="org.openqa.selenium.WebDriverException"><![CDATA[org.openqa.selenium.WebDriverException: 
Unable to parse remote response: <!DOCTYPE html>
<html lang="en">
<head>
  <meta charset="UTF-8">
  <link rel="stylesheet" type="text/css" href="/assets/displayhelpservlet.css" media="all"/>
  <link href="/assets/favicon.ico" rel="icon" type="image/x-icon" />
  <script src="/assets/jquery-3.1.1.min.js" type="text/javascript"></script>
  <script src="/assets/displayhelpservlet.js" type="text/javascript"></script>
  <script type="text/javascript">
    var json = Object.freeze('{"consoleLink": "\u002fgrid\u002fconsole","type": "Grid Hub","class": "org.openqa.grid.web.servlet.DisplayHelpHandler$DisplayHelpServletConfig","version": "3.141.59"}');
  </script>
</head>
<body>

<div id="content">
  <div id="help-heading">
    <h1><span id="logo"></span></h1>
    <h2>Selenium <span class="se-type"></span>&nbsp;v.<span class="se-version"></span></h2>
  </div>

  <div id="content-body">
    <p>
      Whoops! The URL specified routes to this help page.
    </p>
    <p>
      For more information about Selenium <span class="se-type"></span> please see the
      <a class="se-docs">docs</a> and/or visit the <a class="se-wiki">wiki</a>.
      <span id="console-item">
        Or perhaps you are looking for the Selenium <span class="se-type"></span> <a class="se-console">console</a>.
      </span>
    </p>
    <p>
      Happy Testing!
    </p>
  </div>

  <div>
    <footer id="help-footer">
      Selenium is made possible through the efforts of our open source community, contributions from
      these <a href="https://github.com/SeleniumHQ/selenium/blob/master/AUTHORS">people</a>, and our
      <a href="http://www.seleniumhq.org/sponsors/">sponsors</a>.
   </footer>
  </div>
 </div>

</body>
</html>
	at tasks.functional.TasksTest.AcessarApp(TasksTest.java:20)
	at tasks.functional.TasksTest.SemTask(TasksTest.java:42)
Caused by: org.openqa.selenium.json.JsonException: 
Unable to determine type from: <. Last 1 characters read: <
Build info: version: '3.141.59', revision: 'e82be7d358', time: '2018-11-14T08:17:03'
System info: host: 'DESKTOP-E4K4UQN', ip: '192.168.2.116', os.name: 'Windows 10', os.arch: 'amd64', os.version: '10.0', java.version: '1.8.0_333'
Driver info: driver.version: RemoteWebDriver
	at tasks.functional.TasksTest.AcessarApp(TasksTest.java:20)
	at tasks.functional.TasksTest.SemTask(TasksTest.java:42)
]]></error>
    <system-err><![CDATA[dez 29, 2022 11:26:02 AM org.openqa.selenium.remote.DesiredCapabilities chrome
INFORMAÇÕES: Using `new ChromeOptions()` is preferred to `DesiredCapabilities.chrome()`
]]></system-err>
  </testcase>
  <testcase name="DataInvalida" classname="tasks.functional.TasksTest" time="0.695">
    <error message="Unable to parse remote response: &lt;!DOCTYPE html&gt;&#10;&lt;html lang=&quot;en&quot;&gt;&#10;&lt;head&gt;&#10;  &lt;meta charset=&quot;UTF-8&quot;&gt;&#10;  &lt;link rel=&quot;stylesheet&quot; type=&quot;text/css&quot; href=&quot;/assets/displayhelpservlet.css&quot; media=&quot;all&quot;/&gt;&#10;  &lt;link href=&quot;/assets/favicon.ico&quot; rel=&quot;icon&quot; type=&quot;image/x-icon&quot; /&gt;&#10;  &lt;script src=&quot;/assets/jquery-3.1.1.min.js&quot; type=&quot;text/javascript&quot;&gt;&lt;/script&gt;&#10;  &lt;script src=&quot;/assets/displayhelpservlet.js&quot; type=&quot;text/javascript&quot;&gt;&lt;/script&gt;&#10;  &lt;script type=&quot;text/javascript&quot;&gt;&#10;    var json = Object.freeze(&apos;{&quot;consoleLink&quot;: &quot;\u002fgrid\u002fconsole&quot;,&quot;type&quot;: &quot;Grid Hub&quot;,&quot;class&quot;: &quot;org.openqa.grid.web.servlet.DisplayHelpHandler$DisplayHelpServletConfig&quot;,&quot;version&quot;: &quot;3.141.59&quot;}&apos;);&#10;  &lt;/script&gt;&#10;&lt;/head&gt;&#10;&lt;body&gt;&#10;&#10;&lt;div id=&quot;content&quot;&gt;&#10;  &lt;div id=&quot;help-heading&quot;&gt;&#10;    &lt;h1&gt;&lt;span id=&quot;logo&quot;&gt;&lt;/span&gt;&lt;/h1&gt;&#10;    &lt;h2&gt;Selenium &lt;span class=&quot;se-type&quot;&gt;&lt;/span&gt;&amp;nbsp;v.&lt;span class=&quot;se-version&quot;&gt;&lt;/span&gt;&lt;/h2&gt;&#10;  &lt;/div&gt;&#10;&#10;  &lt;div id=&quot;content-body&quot;&gt;&#10;    &lt;p&gt;&#10;      Whoops! The URL specified routes to this help page.&#10;    &lt;/p&gt;&#10;    &lt;p&gt;&#10;      For more information about Selenium &lt;span class=&quot;se-type&quot;&gt;&lt;/span&gt; please see the&#10;      &lt;a class=&quot;se-docs&quot;&gt;docs&lt;/a&gt; and/or visit the &lt;a class=&quot;se-wiki&quot;&gt;wiki&lt;/a&gt;.&#10;      &lt;span id=&quot;console-item&quot;&gt;&#10;        Or perhaps you are looking for the Selenium &lt;span class=&quot;se-type&quot;&gt;&lt;/span&gt; &lt;a class=&quot;se-console&quot;&gt;console&lt;/a&gt;.&#10;      &lt;/span&gt;&#10;    &lt;/p&gt;&#10;    &lt;p&gt;&#10;      Happy Testing!&#10;    &lt;/p&gt;&#10;  &lt;/div&gt;&#10;&#10;  &lt;div&gt;&#10;    &lt;footer id=&quot;help-footer&quot;&gt;&#10;      Selenium is made possible through the efforts of our open source community, contributions from&#10;      these &lt;a href=&quot;https://github.com/SeleniumHQ/selenium/blob/master/AUTHORS&quot;&gt;people&lt;/a&gt;, and our&#10;      &lt;a href=&quot;http://www.seleniumhq.org/sponsors/&quot;&gt;sponsors&lt;/a&gt;.&#10;   &lt;/footer&gt;&#10;  &lt;/div&gt;&#10; &lt;/div&gt;&#10;&#10;&lt;/body&gt;&#10;&lt;/html&gt;" type="org.openqa.selenium.WebDriverException"><![CDATA[org.openqa.selenium.WebDriverException: 
Unable to parse remote response: <!DOCTYPE html>
<html lang="en">
<head>
  <meta charset="UTF-8">
  <link rel="stylesheet" type="text/css" href="/assets/displayhelpservlet.css" media="all"/>
  <link href="/assets/favicon.ico" rel="icon" type="image/x-icon" />
  <script src="/assets/jquery-3.1.1.min.js" type="text/javascript"></script>
  <script src="/assets/displayhelpservlet.js" type="text/javascript"></script>
  <script type="text/javascript">
    var json = Object.freeze('{"consoleLink": "\u002fgrid\u002fconsole","type": "Grid Hub","class": "org.openqa.grid.web.servlet.DisplayHelpHandler$DisplayHelpServletConfig","version": "3.141.59"}');
  </script>
</head>
<body>

<div id="content">
  <div id="help-heading">
    <h1><span id="logo"></span></h1>
    <h2>Selenium <span class="se-type"></span>&nbsp;v.<span class="se-version"></span></h2>
  </div>

  <div id="content-body">
    <p>
      Whoops! The URL specified routes to this help page.
    </p>
    <p>
      For more information about Selenium <span class="se-type"></span> please see the
      <a class="se-docs">docs</a> and/or visit the <a class="se-wiki">wiki</a>.
      <span id="console-item">
        Or perhaps you are looking for the Selenium <span class="se-type"></span> <a class="se-console">console</a>.
      </span>
    </p>
    <p>
      Happy Testing!
    </p>
  </div>

  <div>
    <footer id="help-footer">
      Selenium is made possible through the efforts of our open source community, contributions from
      these <a href="https://github.com/SeleniumHQ/selenium/blob/master/AUTHORS">people</a>, and our
      <a href="http://www.seleniumhq.org/sponsors/">sponsors</a>.
   </footer>
  </div>
 </div>

</body>
</html>
	at tasks.functional.TasksTest.AcessarApp(TasksTest.java:20)
	at tasks.functional.TasksTest.DataInvalida(TasksTest.java:66)
Caused by: org.openqa.selenium.json.JsonException: 
Unable to determine type from: <. Last 1 characters read: <
Build info: version: '3.141.59', revision: 'e82be7d358', time: '2018-11-14T08:17:03'
System info: host: 'DESKTOP-E4K4UQN', ip: '192.168.2.116', os.name: 'Windows 10', os.arch: 'amd64', os.version: '10.0', java.version: '1.8.0_333'
Driver info: driver.version: RemoteWebDriver
	at tasks.functional.TasksTest.AcessarApp(TasksTest.java:20)
	at tasks.functional.TasksTest.DataInvalida(TasksTest.java:66)
]]></error>
    <system-err><![CDATA[dez 29, 2022 11:26:02 AM org.openqa.selenium.remote.DesiredCapabilities chrome
INFORMAÇÕES: Using `new ChromeOptions()` is preferred to `DesiredCapabilities.chrome()`
]]></system-err>
  </testcase>
  <testcase name="SemData" classname="tasks.functional.TasksTest" time="0.695">
    <error message="Unable to parse remote response: &lt;!DOCTYPE html&gt;&#10;&lt;html lang=&quot;en&quot;&gt;&#10;&lt;head&gt;&#10;  &lt;meta charset=&quot;UTF-8&quot;&gt;&#10;  &lt;link rel=&quot;stylesheet&quot; type=&quot;text/css&quot; href=&quot;/assets/displayhelpservlet.css&quot; media=&quot;all&quot;/&gt;&#10;  &lt;link href=&quot;/assets/favicon.ico&quot; rel=&quot;icon&quot; type=&quot;image/x-icon&quot; /&gt;&#10;  &lt;script src=&quot;/assets/jquery-3.1.1.min.js&quot; type=&quot;text/javascript&quot;&gt;&lt;/script&gt;&#10;  &lt;script src=&quot;/assets/displayhelpservlet.js&quot; type=&quot;text/javascript&quot;&gt;&lt;/script&gt;&#10;  &lt;script type=&quot;text/javascript&quot;&gt;&#10;    var json = Object.freeze(&apos;{&quot;consoleLink&quot;: &quot;\u002fgrid\u002fconsole&quot;,&quot;type&quot;: &quot;Grid Hub&quot;,&quot;class&quot;: &quot;org.openqa.grid.web.servlet.DisplayHelpHandler$DisplayHelpServletConfig&quot;,&quot;version&quot;: &quot;3.141.59&quot;}&apos;);&#10;  &lt;/script&gt;&#10;&lt;/head&gt;&#10;&lt;body&gt;&#10;&#10;&lt;div id=&quot;content&quot;&gt;&#10;  &lt;div id=&quot;help-heading&quot;&gt;&#10;    &lt;h1&gt;&lt;span id=&quot;logo&quot;&gt;&lt;/span&gt;&lt;/h1&gt;&#10;    &lt;h2&gt;Selenium &lt;span class=&quot;se-type&quot;&gt;&lt;/span&gt;&amp;nbsp;v.&lt;span class=&quot;se-version&quot;&gt;&lt;/span&gt;&lt;/h2&gt;&#10;  &lt;/div&gt;&#10;&#10;  &lt;div id=&quot;content-body&quot;&gt;&#10;    &lt;p&gt;&#10;      Whoops! The URL specified routes to this help page.&#10;    &lt;/p&gt;&#10;    &lt;p&gt;&#10;      For more information about Selenium &lt;span class=&quot;se-type&quot;&gt;&lt;/span&gt; please see the&#10;      &lt;a class=&quot;se-docs&quot;&gt;docs&lt;/a&gt; and/or visit the &lt;a class=&quot;se-wiki&quot;&gt;wiki&lt;/a&gt;.&#10;      &lt;span id=&quot;console-item&quot;&gt;&#10;        Or perhaps you are looking for the Selenium &lt;span class=&quot;se-type&quot;&gt;&lt;/span&gt; &lt;a class=&quot;se-console&quot;&gt;console&lt;/a&gt;.&#10;      &lt;/span&gt;&#10;    &lt;/p&gt;&#10;    &lt;p&gt;&#10;      Happy Testing!&#10;    &lt;/p&gt;&#10;  &lt;/div&gt;&#10;&#10;  &lt;div&gt;&#10;    &lt;footer id=&quot;help-footer&quot;&gt;&#10;      Selenium is made possible through the efforts of our open source community, contributions from&#10;      these &lt;a href=&quot;https://github.com/SeleniumHQ/selenium/blob/master/AUTHORS&quot;&gt;people&lt;/a&gt;, and our&#10;      &lt;a href=&quot;http://www.seleniumhq.org/sponsors/&quot;&gt;sponsors&lt;/a&gt;.&#10;   &lt;/footer&gt;&#10;  &lt;/div&gt;&#10; &lt;/div&gt;&#10;&#10;&lt;/body&gt;&#10;&lt;/html&gt;" type="org.openqa.selenium.WebDriverException"><![CDATA[org.openqa.selenium.WebDriverException: 
Unable to parse remote response: <!DOCTYPE html>
<html lang="en">
<head>
  <meta charset="UTF-8">
  <link rel="stylesheet" type="text/css" href="/assets/displayhelpservlet.css" media="all"/>
  <link href="/assets/favicon.ico" rel="icon" type="image/x-icon" />
  <script src="/assets/jquery-3.1.1.min.js" type="text/javascript"></script>
  <script src="/assets/displayhelpservlet.js" type="text/javascript"></script>
  <script type="text/javascript">
    var json = Object.freeze('{"consoleLink": "\u002fgrid\u002fconsole","type": "Grid Hub","class": "org.openqa.grid.web.servlet.DisplayHelpHandler$DisplayHelpServletConfig","version": "3.141.59"}');
  </script>
</head>
<body>

<div id="content">
  <div id="help-heading">
    <h1><span id="logo"></span></h1>
    <h2>Selenium <span class="se-type"></span>&nbsp;v.<span class="se-version"></span></h2>
  </div>

  <div id="content-body">
    <p>
      Whoops! The URL specified routes to this help page.
    </p>
    <p>
      For more information about Selenium <span class="se-type"></span> please see the
      <a class="se-docs">docs</a> and/or visit the <a class="se-wiki">wiki</a>.
      <span id="console-item">
        Or perhaps you are looking for the Selenium <span class="se-type"></span> <a class="se-console">console</a>.
      </span>
    </p>
    <p>
      Happy Testing!
    </p>
  </div>

  <div>
    <footer id="help-footer">
      Selenium is made possible through the efforts of our open source community, contributions from
      these <a href="https://github.com/SeleniumHQ/selenium/blob/master/AUTHORS">people</a>, and our
      <a href="http://www.seleniumhq.org/sponsors/">sponsors</a>.
   </footer>
  </div>
 </div>

</body>
</html>
	at tasks.functional.TasksTest.AcessarApp(TasksTest.java:20)
	at tasks.functional.TasksTest.SemData(TasksTest.java:54)
Caused by: org.openqa.selenium.json.JsonException: 
Unable to determine type from: <. Last 1 characters read: <
Build info: version: '3.141.59', revision: 'e82be7d358', time: '2018-11-14T08:17:03'
System info: host: 'DESKTOP-E4K4UQN', ip: '192.168.2.116', os.name: 'Windows 10', os.arch: 'amd64', os.version: '10.0', java.version: '1.8.0_333'
Driver info: driver.version: RemoteWebDriver
	at tasks.functional.TasksTest.AcessarApp(TasksTest.java:20)
	at tasks.functional.TasksTest.SemData(TasksTest.java:54)
]]></error>
    <system-err><![CDATA[dez 29, 2022 11:26:02 AM org.openqa.selenium.remote.DesiredCapabilities chrome
INFORMAÇÕES: Using `new ChromeOptions()` is preferred to `DesiredCapabilities.chrome()`
]]></system-err>
  </testcase>
</testsuite>